<?xml version="1.0" encoding="UTF-8"?>
<testng-results skipped="0" failed="0" ignored="0" total="1" passed="1">
  <reporter-output>
  </reporter-output>
  <suite name="testing.ChromeTest" duration-ms="5438" started-at="2018-09-22T16:48:06Z" finished-at="2018-09-22T16:48:12Z">
    <groups>
    </groups>
    <test name="Command line test" duration-ms="5438" started-at="2018-09-22T16:48:06Z" finished-at="2018-09-22T16:48:12Z">
      <class name="testing.ChromeTest">
        <test-method status="PASS" signature="method1()[pri:0, instance:testing.ChromeTest@668bc3d5]" name="method1" duration-ms="5396" started-at="2018-09-22T11:48:06Z" finished-at="2018-09-22T11:48:12Z">
          <reporter-output>
          </reporter-output>
        </test-method> <!-- method1 -->
      </class> <!-- testing.ChromeTest -->
    </test> <!-- Command line test -->
  </suite> <!-- testing.ChromeTest -->
</testng-results>
